<?xml version="1.0" encoding="UTF-8"?>
<testng-results ignored="0" total="1" passed="1" failed="0" skipped="0">
  <reporter-output>
  </reporter-output>
  <suite started-at="2023-10-04T09:25:52Z" name="Surefire suite" finished-at="2023-10-04T09:26:10Z" duration-ms="17468">
    <groups>
    </groups>
    <test started-at="2023-10-04T09:25:52Z" name="Surefire test" finished-at="2023-10-04T09:26:10Z" duration-ms="17468">
      <class name="JenkinsAssignment.SampleTestCases.AppTest">
        <test-method signature="launchBrowser()[pri:0, instance:JenkinsAssignment.SampleTestCases.AppTest@323b36e0]" started-at="2023-10-04T09:25:52Z" name="launchBrowser" finished-at="2023-10-04T09:26:10Z" duration-ms="17334" status="PASS">
          <reporter-output>
          </reporter-output>
        </test-method> <!-- launchBrowser -->
      </class> <!-- JenkinsAssignment.SampleTestCases.AppTest -->
    </test> <!-- Surefire test -->
  </suite> <!-- Surefire suite -->
</testng-results>
