<?xml version="1.0" encoding="UTF-8"?>
<testng-results ignored="0" total="1" passed="1" failed="0" skipped="0">
  <reporter-output>
  </reporter-output>
  <suite started-at="2023-10-04T06:18:17Z" name="Default suite" finished-at="2023-10-04T06:18:32Z" duration-ms="15741">
    <groups>
    </groups>
    <test started-at="2023-10-04T06:18:17Z" name="Default test" finished-at="2023-10-04T06:18:32Z" duration-ms="15741">
      <class name="JenkinsAssignment.SampleTestCases.AppTest">
        <test-method signature="launchBrowser()[pri:0, instance:JenkinsAssignment.SampleTestCases.AppTest@341814d3]" started-at="2023-10-04T06:18:17Z" name="launchBrowser" finished-at="2023-10-04T06:18:32Z" duration-ms="15658" status="PASS">
          <reporter-output>
          </reporter-output>
        </test-method> <!-- launchBrowser -->
      </class> <!-- JenkinsAssignment.SampleTestCases.AppTest -->
    </test> <!-- Default test -->
  </suite> <!-- Default suite -->
</testng-results>
